mode: atomic
github.com/RaphaelPour/silo/direct.go:7.25,11.2 1 1
github.com/RaphaelPour/silo/direct.go:13.46,15.9 2 2
github.com/RaphaelPour/silo/direct.go:15.9,17.3 1 1
github.com/RaphaelPour/silo/direct.go:18.2,18.19 1 1
github.com/RaphaelPour/silo/direct.go:21.50,24.2 2 1
github.com/RaphaelPour/silo/direct.go:26.42,29.2 2 1
github.com/RaphaelPour/silo/file.go:15.38,21.2 1 0
github.com/RaphaelPour/silo/file.go:23.28,25.16 2 0
github.com/RaphaelPour/silo/file.go:25.16,27.3 1 0
github.com/RaphaelPour/silo/file.go:29.2,29.42 1 0
github.com/RaphaelPour/silo/file.go:32.28,34.16 2 0
github.com/RaphaelPour/silo/file.go:34.16,36.3 1 0
github.com/RaphaelPour/silo/file.go:37.2,37.48 1 0
github.com/RaphaelPour/silo/file.go:40.44,41.13 1 0
github.com/RaphaelPour/silo/file.go:41.13,42.34 1 0
github.com/RaphaelPour/silo/file.go:42.34,44.4 1 0
github.com/RaphaelPour/silo/file.go:45.3,45.18 1 0
github.com/RaphaelPour/silo/file.go:47.2,47.26 1 0
github.com/RaphaelPour/silo/file.go:50.48,53.2 2 0
github.com/RaphaelPour/silo/file.go:55.40,58.2 2 0
